<?xml version="1.0" encoding="UTF-8"?>
<testng-results ignored="0" total="1" passed="1" failed="0" skipped="0">
  <reporter-output>
  </reporter-output>
  <suite started-at="2022-04-26T16:26:45Z" name="Regression Test Suite" finished-at="2022-04-26T16:26:52Z" duration-ms="7257">
    <groups>
    </groups>
    <test started-at="2022-04-26T16:26:45Z" name="PTest" finished-at="2022-04-26T16:26:52Z" duration-ms="7257">
      <class name="practicetest1.PTest">
        <test-method is-config="true" signature="setUp()[pri:0, instance:practicetest1.PTest@55f616cf]" started-at="2022-04-26T16:26:45Z" name="setUp" finished-at="2022-04-26T16:26:51Z" duration-ms="6461" status="PASS">
          <reporter-output>
          </reporter-output>
        </test-method> <!-- setUp -->
        <test-method signature="titleTest()[pri:0, instance:practicetest1.PTest@55f616cf]" started-at="2022-04-26T16:26:51Z" name="titleTest" finished-at="2022-04-26T16:26:51Z" duration-ms="38" status="PASS">
          <reporter-output>
          </reporter-output>
        </test-method> <!-- titleTest -->
        <test-method is-config="true" signature="tearDown()[pri:0, instance:practicetest1.PTest@55f616cf]" started-at="2022-04-26T16:26:51Z" name="tearDown" finished-at="2022-04-26T16:26:52Z" duration-ms="704" status="PASS">
          <reporter-output>
          </reporter-output>
        </test-method> <!-- tearDown -->
      </class> <!-- practicetest1.PTest -->
    </test> <!-- PTest -->
  </suite> <!-- Regression Test Suite -->
</testng-results>
